Gjs-Message: JS LOG: registerFocusEvents: [true,true]
Gjs-Message: JS LOG: <accessible> : 
Gjs-Message: JS LOG: <caller> [object FocusCaretTracker]
Gjs-Message: JS LOG: <event> object:state-changed:focused,0
Gjs-Message: JS LOG: <contructor>function Atspi_Accessible() {
    [native code]
}
Gjs-Message: JS LOG: <role name> text
Gjs-Message: JS LOG: no focus or caret events 
Gjs-Message: JS LOG: END 
Gjs-Message: JS LOG: <accessible> : 
Gjs-Message: JS LOG: <caller> [object FocusCaretTracker]
Gjs-Message: JS LOG: <event> object:state-changed:focused,1
Gjs-Message: JS LOG: <contructor>function Atspi_Accessible() {
    [native code]
}
Gjs-Message: JS LOG: <role name> panel
Gjs-Message: JS LOG: <extents> [293 -696 1333 714]
Gjs-Message: JS LOG: END 
Gjs-Message: JS LOG: <accessible> : 
Gjs-Message: JS LOG: <caller> [object FocusCaretTracker]
Gjs-Message: JS LOG: <event> object:state-changed:focused,1
Gjs-Message: JS LOG: <contructor>function Atspi_Accessible() {
    [native code]
}
Gjs-Message: JS LOG: <role name> text
Gjs-Message: JS LOG: <extents> [4 176 644 343]
Gjs-Message: JS LOG: END 
Gjs-Message: JS LOG: <accessible> : 
Gjs-Message: JS LOG: <caller> [object FocusCaretTracker]
Gjs-Message: JS LOG: <event> object:state-changed:focused,0
Gjs-Message: JS LOG: <contructor>function Atspi_Accessible() {
    [native code]
}
Gjs-Message: JS LOG: <role name> text
Gjs-Message: JS LOG: no focus or caret events 
Gjs-Message: JS LOG: END 
Gjs-Message: JS LOG: <accessible> : 
Gjs-Message: JS LOG: <caller> [object FocusCaretTracker]
Gjs-Message: JS LOG: <event> object:state-changed:focused,1
Gjs-Message: JS LOG: <contructor>function Atspi_Accessible() {
    [native code]
}
Gjs-Message: JS LOG: <role name> text
Gjs-Message: JS LOG: <extents> [4 176 644 343]
Gjs-Message: JS LOG: END 
Gjs-Message: JS LOG: <accessible> : 
Gjs-Message: JS LOG: <caller> [object FocusCaretTracker]
Gjs-Message: JS LOG: <event> object:state-changed:focused,0
Gjs-Message: JS LOG: <contructor>function Atspi_Accessible() {
    [native code]
}
Gjs-Message: JS LOG: <role name> text
Gjs-Message: JS LOG: no focus or caret events 
Gjs-Message: JS LOG: END 
Gjs-Message: JS LOG: <accessible> : 
Gjs-Message: JS LOG: <caller> [object FocusCaretTracker]
Gjs-Message: JS LOG: <event> object:state-changed:focused,1
Gjs-Message: JS LOG: <contructor>function Atspi_Accessible() {
    [native code]
}
Gjs-Message: JS LOG: <role name> text
Gjs-Message: JS LOG: <extents> [4 176 644 343]
Gjs-Message: JS LOG: END 
Gjs-Message: JS LOG: <accessible> : 
Gjs-Message: JS LOG: <caller> [object FocusCaretTracker]
Gjs-Message: JS LOG: <event> object:state-changed:focused,0
Gjs-Message: JS LOG: <contructor>function Atspi_Accessible() {
    [native code]
}
Gjs-Message: JS LOG: <role name> text
Gjs-Message: JS LOG: no focus or caret events 
Gjs-Message: JS LOG: END 
Gjs-Message: JS LOG: <accessible> : 
Gjs-Message: JS LOG: <caller> [object FocusCaretTracker]
Gjs-Message: JS LOG: <event> object:state-changed:focused,1
Gjs-Message: JS LOG: <contructor>function Atspi_Accessible() {
    [native code]
}
Gjs-Message: JS LOG: <role name> text
Gjs-Message: JS LOG: <extents> [4 176 644 343]
Gjs-Message: JS LOG: END 
Gjs-Message: JS LOG: <accessible> : 
Gjs-Message: JS LOG: <caller> [object FocusCaretTracker]
Gjs-Message: JS LOG: <event> object:state-changed:focused,0
Gjs-Message: JS LOG: <contructor>function Atspi_Accessible() {
    [native code]
}
Gjs-Message: JS LOG: <role name> text
Gjs-Message: JS LOG: no focus or caret events 
Gjs-Message: JS LOG: END 
