Gjs-Message: JS LOG: registerCaretEvents: true
Gjs-Message: JS LOG: <accessible> : 
Gjs-Message: JS LOG: <caller> [object FocusCaretTracker]
Gjs-Message: JS LOG: <event> object:text-caret-moved,0
Gjs-Message: JS LOG: <contructor>function Atspi_Accessible() {
    [native code]
}
Gjs-Message: JS LOG: <role name> text
Window manager warning: Log level 32: JS WARNING: [/home/devel/gnome/install/share/gnome-shell/js/ui/focusCaretTracker.js 224]: assignment to undeclared variable text_extents
Gjs-Message: JS LOG: <text_extents> 824 57 9 22]
Gjs-Message: JS LOG: END 
Gjs-Message: JS LOG: <accessible> : 
Gjs-Message: JS LOG: <caller> [object FocusCaretTracker]
Gjs-Message: JS LOG: <event> object:text-caret-moved,0
Gjs-Message: JS LOG: <contructor>function Atspi_Accessible() {
    [native code]
}
Gjs-Message: JS LOG: <role name> text
Gjs-Message: JS LOG: <text_extents> 824 57 9 22]
Gjs-Message: JS LOG: END 
Gjs-Message: JS LOG: <accessible> : 
Gjs-Message: JS LOG: <caller> [object FocusCaretTracker]
Gjs-Message: JS LOG: <event> object:text-caret-moved,85
Gjs-Message: JS LOG: <contructor>function Atspi_Accessible() {
    [native code]
}
Gjs-Message: JS LOG: <role name> text
Gjs-Message: JS LOG: <text_extents> 393 194 0 18]
Gjs-Message: JS LOG: END 
Gjs-Message: JS LOG: <accessible> : 
Gjs-Message: JS LOG: <caller> [object FocusCaretTracker]
Gjs-Message: JS LOG: <event> object:text-caret-moved,84
Gjs-Message: JS LOG: <contructor>function Atspi_Accessible() {
    [native code]
}
Gjs-Message: JS LOG: <role name> text
Gjs-Message: JS LOG: <text_extents> 375 194 0 18]
Gjs-Message: JS LOG: END 
Gjs-Message: JS LOG: <accessible> : 
Gjs-Message: JS LOG: <caller> [object FocusCaretTracker]
Gjs-Message: JS LOG: <event> object:text-caret-moved,83
Gjs-Message: JS LOG: <contructor>function Atspi_Accessible() {
    [native code]
}
Gjs-Message: JS LOG: <role name> text
Gjs-Message: JS LOG: <text_extents> 366 194 0 18]
Gjs-Message: JS LOG: END 
Gjs-Message: JS LOG: <accessible> : 
Gjs-Message: JS LOG: <caller> [object FocusCaretTracker]
Gjs-Message: JS LOG: <event> object:text-caret-moved,82
Gjs-Message: JS LOG: <contructor>function Atspi_Accessible() {
    [native code]
}
Gjs-Message: JS LOG: <role name> text
Gjs-Message: JS LOG: <text_extents> 357 194 0 18]
Gjs-Message: JS LOG: END 
Gjs-Message: JS LOG: <accessible> : 
Gjs-Message: JS LOG: <caller> [object FocusCaretTracker]
Gjs-Message: JS LOG: <event> object:text-caret-moved,81
Gjs-Message: JS LOG: <contructor>function Atspi_Accessible() {
    [native code]
}
Gjs-Message: JS LOG: <role name> text
Gjs-Message: JS LOG: <text_extents> 348 194 0 18]
Gjs-Message: JS LOG: END 
Gjs-Message: JS LOG: <accessible> : 
Gjs-Message: JS LOG: <caller> [object FocusCaretTracker]
Gjs-Message: JS LOG: <event> object:text-caret-moved,80
Gjs-Message: JS LOG: <contructor>function Atspi_Accessible() {
    [native code]
}
Gjs-Message: JS LOG: <role name> text
Gjs-Message: JS LOG: <text_extents> 339 194 0 18]
Gjs-Message: JS LOG: END 
Gjs-Message: JS LOG: <accessible> : 
Gjs-Message: JS LOG: <caller> [object FocusCaretTracker]
Gjs-Message: JS LOG: <event> object:text-caret-moved,79
Gjs-Message: JS LOG: <contructor>function Atspi_Accessible() {
    [native code]
}
Gjs-Message: JS LOG: <role name> text
Gjs-Message: JS LOG: <text_extents> 330 194 0 18]
Gjs-Message: JS LOG: END 
Gjs-Message: JS LOG: <accessible> : 
Gjs-Message: JS LOG: <caller> [object FocusCaretTracker]
Gjs-Message: JS LOG: <event> object:text-caret-moved,78
Gjs-Message: JS LOG: <contructor>function Atspi_Accessible() {
    [native code]
}
Gjs-Message: JS LOG: <role name> text
Gjs-Message: JS LOG: <text_extents> 321 194 0 18]
Gjs-Message: JS LOG: END 
Gjs-Message: JS LOG: <accessible> : 
Gjs-Message: JS LOG: <caller> [object FocusCaretTracker]
Gjs-Message: JS LOG: <event> object:text-caret-moved,77
Gjs-Message: JS LOG: <contructor>function Atspi_Accessible() {
    [native code]
}
Gjs-Message: JS LOG: <role name> text
Gjs-Message: JS LOG: <text_extents> 312 194 0 18]
Gjs-Message: JS LOG: END 
Gjs-Message: JS LOG: <accessible> : 
Gjs-Message: JS LOG: <caller> [object FocusCaretTracker]
Gjs-Message: JS LOG: <event> object:text-caret-moved,76
Gjs-Message: JS LOG: <contructor>function Atspi_Accessible() {
    [native code]
}
Gjs-Message: JS LOG: <role name> text
Gjs-Message: JS LOG: <text_extents> 303 194 0 18]
Gjs-Message: JS LOG: END 
Gjs-Message: JS LOG: <accessible> : 
Gjs-Message: JS LOG: <caller> [object FocusCaretTracker]
Gjs-Message: JS LOG: <event> object:text-caret-moved,75
Gjs-Message: JS LOG: <contructor>function Atspi_Accessible() {
    [native code]
}
Gjs-Message: JS LOG: <role name> text
Gjs-Message: JS LOG: <text_extents> 294 194 0 18]
Gjs-Message: JS LOG: END 
Gjs-Message: JS LOG: <accessible> : 
Gjs-Message: JS LOG: <caller> [object FocusCaretTracker]
Gjs-Message: JS LOG: <event> object:text-caret-moved,74
Gjs-Message: JS LOG: <contructor>function Atspi_Accessible() {
    [native code]
}
Gjs-Message: JS LOG: <role name> text
Gjs-Message: JS LOG: <text_extents> 285 194 0 18]
Gjs-Message: JS LOG: END 
Gjs-Message: JS LOG: <accessible> : 
Gjs-Message: JS LOG: <caller> [object FocusCaretTracker]
Gjs-Message: JS LOG: <event> object:text-caret-moved,73
Gjs-Message: JS LOG: <contructor>function Atspi_Accessible() {
    [native code]
}
Gjs-Message: JS LOG: <role name> text
Gjs-Message: JS LOG: <text_extents> 276 194 0 18]
Gjs-Message: JS LOG: END 
Gjs-Message: JS LOG: <accessible> : 
Gjs-Message: JS LOG: <caller> [object FocusCaretTracker]
Gjs-Message: JS LOG: <event> object:text-caret-moved,72
Gjs-Message: JS LOG: <contructor>function Atspi_Accessible() {
    [native code]
}
Gjs-Message: JS LOG: <role name> text
Gjs-Message: JS LOG: <text_extents> 645 176 0 18]
Gjs-Message: JS LOG: END 
Gjs-Message: JS LOG: <accessible> : 
Gjs-Message: JS LOG: <caller> [object FocusCaretTracker]
Gjs-Message: JS LOG: <event> object:text-caret-moved,71
Gjs-Message: JS LOG: <contructor>function Atspi_Accessible() {
    [native code]
}
Gjs-Message: JS LOG: <role name> text
Gjs-Message: JS LOG: <text_extents> 636 176 0 18]
Gjs-Message: JS LOG: END 
Gjs-Message: JS LOG: <accessible> : 
Gjs-Message: JS LOG: <caller> [object FocusCaretTracker]
Gjs-Message: JS LOG: <event> object:text-caret-moved,70
Gjs-Message: JS LOG: <contructor>function Atspi_Accessible() {
    [native code]
}
Gjs-Message: JS LOG: <role name> text
Gjs-Message: JS LOG: <text_extents> 627 176 0 18]
Gjs-Message: JS LOG: END 
Gjs-Message: JS LOG: <accessible> : 
Gjs-Message: JS LOG: <caller> [object FocusCaretTracker]
Gjs-Message: JS LOG: <event> object:text-caret-moved,69
Gjs-Message: JS LOG: <contructor>function Atspi_Accessible() {
    [native code]
}
Gjs-Message: JS LOG: <role name> text
Gjs-Message: JS LOG: <text_extents> 618 176 0 18]
Gjs-Message: JS LOG: END 
Gjs-Message: JS LOG: <accessible> : 
Gjs-Message: JS LOG: <caller> [object FocusCaretTracker]
Gjs-Message: JS LOG: <event> object:text-caret-moved,68
Gjs-Message: JS LOG: <contructor>function Atspi_Accessible() {
    [native code]
}
Gjs-Message: JS LOG: <role name> text
Gjs-Message: JS LOG: <text_extents> 609 176 0 18]
Gjs-Message: JS LOG: END 
Gjs-Message: JS LOG: <accessible> : 
Gjs-Message: JS LOG: <caller> [object FocusCaretTracker]
Gjs-Message: JS LOG: <event> object:text-caret-moved,67
Gjs-Message: JS LOG: <contructor>function Atspi_Accessible() {
    [native code]
}
Gjs-Message: JS LOG: <role name> text
Gjs-Message: JS LOG: <text_extents> 600 176 0 18]
Gjs-Message: JS LOG: END 
Gjs-Message: JS LOG: <accessible> : 
Gjs-Message: JS LOG: <caller> [object FocusCaretTracker]
Gjs-Message: JS LOG: <event> object:text-caret-moved,66
Gjs-Message: JS LOG: <contructor>function Atspi_Accessible() {
    [native code]
}
Gjs-Message: JS LOG: <role name> text
Gjs-Message: JS LOG: <text_extents> 591 176 0 18]
Gjs-Message: JS LOG: END 
Gjs-Message: JS LOG: <accessible> : 
Gjs-Message: JS LOG: <caller> [object FocusCaretTracker]
Gjs-Message: JS LOG: <event> object:text-caret-moved,65
Gjs-Message: JS LOG: <contructor>function Atspi_Accessible() {
    [native code]
}
Gjs-Message: JS LOG: <role name> text
Gjs-Message: JS LOG: <text_extents> 582 176 0 18]
Gjs-Message: JS LOG: END 
Gjs-Message: JS LOG: <accessible> : 
Gjs-Message: JS LOG: <caller> [object FocusCaretTracker]
Gjs-Message: JS LOG: <event> object:text-caret-moved,64
Gjs-Message: JS LOG: <contructor>function Atspi_Accessible() {
    [native code]
}
Gjs-Message: JS LOG: <role name> text
Gjs-Message: JS LOG: <text_extents> 573 176 0 18]
Gjs-Message: JS LOG: END 
Gjs-Message: JS LOG: <accessible> : 
Gjs-Message: JS LOG: <caller> [object FocusCaretTracker]
Gjs-Message: JS LOG: <event> object:text-caret-moved,63
Gjs-Message: JS LOG: <contructor>function Atspi_Accessible() {
    [native code]
}
Gjs-Message: JS LOG: <role name> text
Gjs-Message: JS LOG: <text_extents> 564 176 0 18]
Gjs-Message: JS LOG: END 
Gjs-Message: JS LOG: <accessible> : 
Gjs-Message: JS LOG: <caller> [object FocusCaretTracker]
Gjs-Message: JS LOG: <event> object:text-caret-moved,62
Gjs-Message: JS LOG: <contructor>function Atspi_Accessible() {
    [native code]
}
Gjs-Message: JS LOG: <role name> text
Gjs-Message: JS LOG: <text_extents> 555 176 0 18]
Gjs-Message: JS LOG: END 
Gjs-Message: JS LOG: <accessible> : 
Gjs-Message: JS LOG: <caller> [object FocusCaretTracker]
Gjs-Message: JS LOG: <event> object:text-caret-moved,61
Gjs-Message: JS LOG: <contructor>function Atspi_Accessible() {
    [native code]
}
Gjs-Message: JS LOG: <role name> text
Gjs-Message: JS LOG: <text_extents> 546 176 0 18]
Gjs-Message: JS LOG: END 
Gjs-Message: JS LOG: <accessible> : 
Gjs-Message: JS LOG: <caller> [object FocusCaretTracker]
Gjs-Message: JS LOG: <event> object:text-caret-moved,60
Gjs-Message: JS LOG: <contructor>function Atspi_Accessible() {
    [native code]
}
Gjs-Message: JS LOG: <role name> text
Gjs-Message: JS LOG: <text_extents> 537 176 0 18]
Gjs-Message: JS LOG: END 
Gjs-Message: JS LOG: <accessible> : 
Gjs-Message: JS LOG: <caller> [object FocusCaretTracker]
Gjs-Message: JS LOG: <event> object:text-caret-moved,59
Gjs-Message: JS LOG: <contructor>function Atspi_Accessible() {
    [native code]
}
Gjs-Message: JS LOG: <role name> text
Gjs-Message: JS LOG: <text_extents> 528 176 0 18]
Gjs-Message: JS LOG: END 
Gjs-Message: JS LOG: <accessible> : 
Gjs-Message: JS LOG: <caller> [object FocusCaretTracker]
Gjs-Message: JS LOG: <event> object:text-caret-moved,58
Gjs-Message: JS LOG: <contructor>function Atspi_Accessible() {
    [native code]
}
Gjs-Message: JS LOG: <role name> text
Gjs-Message: JS LOG: <text_extents> 519 176 0 18]
Gjs-Message: JS LOG: END 
Gjs-Message: JS LOG: <accessible> : 
Gjs-Message: JS LOG: <caller> [object FocusCaretTracker]
Gjs-Message: JS LOG: <event> object:text-caret-moved,57
Gjs-Message: JS LOG: <contructor>function Atspi_Accessible() {
    [native code]
}
Gjs-Message: JS LOG: <role name> text
Gjs-Message: JS LOG: <text_extents> 510 176 0 18]
Gjs-Message: JS LOG: END 
Gjs-Message: JS LOG: <accessible> : 
Gjs-Message: JS LOG: <caller> [object FocusCaretTracker]
Gjs-Message: JS LOG: <event> object:text-caret-moved,56
Gjs-Message: JS LOG: <contructor>function Atspi_Accessible() {
    [native code]
}
Gjs-Message: JS LOG: <role name> text
Gjs-Message: JS LOG: <text_extents> 501 176 0 18]
Gjs-Message: JS LOG: END 
Gjs-Message: JS LOG: <accessible> : 
Gjs-Message: JS LOG: <caller> [object FocusCaretTracker]
Gjs-Message: JS LOG: <event> object:text-caret-moved,0
Gjs-Message: JS LOG: <contructor>function Atspi_Accessible() {
    [native code]
}
Gjs-Message: JS LOG: <role name> text
Gjs-Message: JS LOG: <text_extents> 6 176 9 18]
Gjs-Message: JS LOG: END 
Gjs-Message: JS LOG: <accessible> : 
Gjs-Message: JS LOG: <caller> [object FocusCaretTracker]
Gjs-Message: JS LOG: <event> object:text-caret-moved,55
Gjs-Message: JS LOG: <contructor>function Atspi_Accessible() {
    [native code]
}
Gjs-Message: JS LOG: <role name> text
Gjs-Message: JS LOG: <text_extents> 501 176 0 18]
Gjs-Message: JS LOG: END 
Gjs-Message: JS LOG: <accessible> : 
Gjs-Message: JS LOG: <caller> [object FocusCaretTracker]
Gjs-Message: JS LOG: <event> object:text-caret-moved,54
Gjs-Message: JS LOG: <contructor>function Atspi_Accessible() {
    [native code]
}
Gjs-Message: JS LOG: <role name> text
Gjs-Message: JS LOG: <text_extents> 492 176 9 18]
Gjs-Message: JS LOG: END 
Gjs-Message: JS LOG: <accessible> : 
Gjs-Message: JS LOG: <caller> [object FocusCaretTracker]
Gjs-Message: JS LOG: <event> object:text-caret-moved,53
Gjs-Message: JS LOG: <contructor>function Atspi_Accessible() {
    [native code]
}
Gjs-Message: JS LOG: <role name> text
Gjs-Message: JS LOG: <text_extents> 483 176 9 18]
Gjs-Message: JS LOG: END 
Gjs-Message: JS LOG: <accessible> : 
Gjs-Message: JS LOG: <caller> [object FocusCaretTracker]
Gjs-Message: JS LOG: <event> object:text-caret-moved,52
Gjs-Message: JS LOG: <contructor>function Atspi_Accessible() {
    [native code]
}
Gjs-Message: JS LOG: <role name> text
Gjs-Message: JS LOG: <text_extents> 474 176 9 18]
Gjs-Message: JS LOG: END 
Gjs-Message: JS LOG: <accessible> : 
Gjs-Message: JS LOG: <caller> [object FocusCaretTracker]
Gjs-Message: JS LOG: <event> object:text-caret-moved,51
Gjs-Message: JS LOG: <contructor>function Atspi_Accessible() {
    [native code]
}
Gjs-Message: JS LOG: <role name> text
Gjs-Message: JS LOG: <text_extents> 465 176 9 18]
Gjs-Message: JS LOG: END 
Gjs-Message: JS LOG: <accessible> : 
Gjs-Message: JS LOG: <caller> [object FocusCaretTracker]
Gjs-Message: JS LOG: <event> object:text-caret-moved,55
Gjs-Message: JS LOG: <contructor>function Atspi_Accessible() {
    [native code]
}
Gjs-Message: JS LOG: <role name> text
Gjs-Message: JS LOG: <text_extents> 501 176 0 18]
Gjs-Message: JS LOG: END 
Gjs-Message: JS LOG: <accessible> : 
Gjs-Message: JS LOG: <caller> [object FocusCaretTracker]
Gjs-Message: JS LOG: <event> object:text-caret-moved,56
Gjs-Message: JS LOG: <contructor>function Atspi_Accessible() {
    [native code]
}
Gjs-Message: JS LOG: <role name> text
Gjs-Message: JS LOG: <text_extents> 6 194 0 18]
Gjs-Message: JS LOG: END 
Gjs-Message: JS LOG: <accessible> : 
Gjs-Message: JS LOG: <caller> [object FocusCaretTracker]
Gjs-Message: JS LOG: <event> object:text-caret-moved,57
Gjs-Message: JS LOG: <contructor>function Atspi_Accessible() {
    [native code]
}
Gjs-Message: JS LOG: <role name> text
Gjs-Message: JS LOG: <text_extents> 15 194 0 18]
Gjs-Message: JS LOG: END 
Gjs-Message: JS LOG: <accessible> : 
Gjs-Message: JS LOG: <caller> [object FocusCaretTracker]
Gjs-Message: JS LOG: <event> object:text-caret-moved,58
Gjs-Message: JS LOG: <contructor>function Atspi_Accessible() {
    [native code]
}
Gjs-Message: JS LOG: <role name> text
Gjs-Message: JS LOG: <text_extents> 6 212 0 18]
Gjs-Message: JS LOG: END 
Gjs-Message: JS LOG: <accessible> : 
Gjs-Message: JS LOG: <caller> [object FocusCaretTracker]
Gjs-Message: JS LOG: <event> object:text-caret-moved,59
Gjs-Message: JS LOG: <contructor>function Atspi_Accessible() {
    [native code]
}
Gjs-Message: JS LOG: <role name> text
Gjs-Message: JS LOG: <text_extents> 15 212 0 18]
Gjs-Message: JS LOG: END 
