Gjs-Message: JS LOG: registerFocusEvents: [true,true]
Gjs-Message: JS LOG: registerCaretEvents: [true]
Gjs-Message: JS LOG: <accessible> : 
Gjs-Message: JS LOG: <caller> [object FocusCaretTracker]
Gjs-Message: JS LOG: <event> object:state-changed:focused,0
Gjs-Message: JS LOG: <contructor>function Atspi_Accessible() {
    [native code]
}
Gjs-Message: JS LOG: <role name> text
Gjs-Message: JS LOG: focus lost 
Gjs-Message: JS LOG: END 
Gjs-Message: JS LOG: <accessible> : 
Gjs-Message: JS LOG: <caller> [object FocusCaretTracker]
Gjs-Message: JS LOG: <event> object:state-changed:focused,1
Gjs-Message: JS LOG: <contructor>function Atspi_Accessible() {
    [native code]
}
Gjs-Message: JS LOG: <role name> panel
Gjs-Message: JS LOG: <extents> [293 -696 1333 714]
Gjs-Message: JS LOG: END 
Gjs-Message: JS LOG: <accessible> : 
Gjs-Message: JS LOG: <caller> [object FocusCaretTracker]
Gjs-Message: JS LOG: <event> object:text-caret-moved,0
Gjs-Message: JS LOG: <contructor>function Atspi_Accessible() {
    [native code]
}
Gjs-Message: JS LOG: <role name> text
Window manager warning: Log level 32: JS WARNING: [/home/dev/gnome/install/share/gnome-shell/js/ui/focusCaretTracker.js 232]: assignment to undeclared variable text_extents
Gjs-Message: JS LOG: <text_extents> 824 57 9 22
Gjs-Message: JS LOG: END 
Gjs-Message: JS LOG: <accessible> : 
Gjs-Message: JS LOG: <caller> [object FocusCaretTracker]
Gjs-Message: JS LOG: <event> object:text-caret-moved,0
Gjs-Message: JS LOG: <contructor>function Atspi_Accessible() {
    [native code]
}
Gjs-Message: JS LOG: <role name> text
Gjs-Message: JS LOG: <text_extents> 824 57 9 22
Gjs-Message: JS LOG: END 
Gjs-Message: JS LOG: <accessible> : 
Gjs-Message: JS LOG: <caller> [object FocusCaretTracker]
Gjs-Message: JS LOG: <event> object:state-changed:focused,0
Gjs-Message: JS LOG: <contructor>function Atspi_Accessible() {
    [native code]
}
Gjs-Message: JS LOG: <role name> panel
Gjs-Message: JS LOG: focus lost 
Gjs-Message: JS LOG: END 
Gjs-Message: JS LOG: <accessible> : All
Gjs-Message: JS LOG: <caller> [object FocusCaretTracker]
Gjs-Message: JS LOG: <event> object:state-changed:focused,1
Gjs-Message: JS LOG: <contructor>function Atspi_Accessible() {
    [native code]
}
Gjs-Message: JS LOG: <role name> push button
Gjs-Message: JS LOG: <extents> [960 1008 125 31]
Gjs-Message: JS LOG: END 
Gjs-Message: JS LOG: <accessible> : All
Gjs-Message: JS LOG: <caller> [object FocusCaretTracker]
Gjs-Message: JS LOG: <event> object:state-changed:focused,0
Gjs-Message: JS LOG: <contructor>function Atspi_Accessible() {
    [native code]
}
Gjs-Message: JS LOG: <role name> push button
Gjs-Message: JS LOG: focus lost 
Gjs-Message: JS LOG: END 
Gjs-Message: JS LOG: <accessible> : Frequent
Gjs-Message: JS LOG: <caller> [object FocusCaretTracker]
Gjs-Message: JS LOG: <event> object:state-changed:focused,1
Gjs-Message: JS LOG: <contructor>function Atspi_Accessible() {
    [native code]
}
Gjs-Message: JS LOG: <role name> push button
Gjs-Message: JS LOG: <extents> [875 1008 86 31]
Gjs-Message: JS LOG: END 
Gjs-Message: JS LOG: <accessible> : 
Gjs-Message: JS LOG: <caller> [object FocusCaretTracker]
Gjs-Message: JS LOG: <event> object:text-caret-moved,-1
Gjs-Message: JS LOG: <contructor>function Atspi_Accessible() {
    [native code]
}
Gjs-Message: JS LOG: <role name> text
Gjs-Message: JS LOG: <accessible> : 
Gjs-Message: JS LOG: <caller> [object FocusCaretTracker]
Gjs-Message: JS LOG: <event> object:text-caret-moved,-1
Gjs-Message: JS LOG: <contructor>function Atspi_Accessible() {
    [native code]
}
Gjs-Message: JS LOG: <role name> text
Gjs-Message: JS LOG: <accessible> : Frequent
Gjs-Message: JS LOG: <caller> [object FocusCaretTracker]
Gjs-Message: JS LOG: <event> object:state-changed:focused,0
Gjs-Message: JS LOG: <contructor>function Atspi_Accessible() {
    [native code]
}
Gjs-Message: JS LOG: <role name> push button
Gjs-Message: JS LOG: focus lost 
Gjs-Message: JS LOG: END 
Gjs-Message: JS LOG: <accessible> : 
Gjs-Message: JS LOG: <caller> [object FocusCaretTracker]
Gjs-Message: JS LOG: <event> object:state-changed:focused,1
Gjs-Message: JS LOG: <contructor>function Atspi_Accessible() {
    [native code]
}
Gjs-Message: JS LOG: <role name> push button
Gjs-Message: JS LOG: <extents> [393 320 119 118]
Gjs-Message: JS LOG: END 
Gjs-Message: JS LOG: <accessible> : 
Gjs-Message: JS LOG: <caller> [object FocusCaretTracker]
Gjs-Message: JS LOG: <event> object:text-caret-moved,-1
Gjs-Message: JS LOG: <contructor>function Atspi_Accessible() {
    [native code]
}
Gjs-Message: JS LOG: <role name> text
Gjs-Message: JS LOG: <accessible> : 
Gjs-Message: JS LOG: <caller> [object FocusCaretTracker]
Gjs-Message: JS LOG: <event> object:text-caret-moved,-1
Gjs-Message: JS LOG: <contructor>function Atspi_Accessible() {
    [native code]
}
Gjs-Message: JS LOG: <role name> text
Gjs-Message: JS LOG: <accessible> : 
Gjs-Message: JS LOG: <caller> [object FocusCaretTracker]
Gjs-Message: JS LOG: <event> object:state-changed:focused,0
Gjs-Message: JS LOG: <contructor>function Atspi_Accessible() {
    [native code]
}
Gjs-Message: JS LOG: <role name> push button
Gjs-Message: JS LOG: focus lost 
Gjs-Message: JS LOG: END 
Gjs-Message: JS LOG: <accessible> : 
Gjs-Message: JS LOG: <caller> [object FocusCaretTracker]
Gjs-Message: JS LOG: <event> object:state-changed:focused,1
Gjs-Message: JS LOG: <contructor>function Atspi_Accessible() {
    [native code]
}
Gjs-Message: JS LOG: <role name> push button
Gjs-Message: JS LOG: <extents> [1408 117 118 118]
Gjs-Message: JS LOG: END 
Gjs-Message: JS LOG: <accessible> : 
Gjs-Message: JS LOG: <caller> [object FocusCaretTracker]
Gjs-Message: JS LOG: <event> object:state-changed:focused,0
Gjs-Message: JS LOG: <contructor>function Atspi_Accessible() {
    [native code]
}
Gjs-Message: JS LOG: <role name> push button
Gjs-Message: JS LOG: focus lost 
Gjs-Message: JS LOG: END 
Gjs-Message: JS LOG: <accessible> : 
Gjs-Message: JS LOG: <caller> [object FocusCaretTracker]
Gjs-Message: JS LOG: <event> object:state-changed:focused,1
Gjs-Message: JS LOG: <contructor>function Atspi_Accessible() {
    [native code]
}
Gjs-Message: JS LOG: <role name> push button
Gjs-Message: JS LOG: <extents> [1205 117 118 118]
Gjs-Message: JS LOG: END 
Gjs-Message: JS LOG: <accessible> : 
Gjs-Message: JS LOG: <caller> [object FocusCaretTracker]
Gjs-Message: JS LOG: <event> object:state-changed:focused,0
Gjs-Message: JS LOG: <contructor>function Atspi_Accessible() {
    [native code]
}
Gjs-Message: JS LOG: <role name> push button
Gjs-Message: JS LOG: focus lost 
Gjs-Message: JS LOG: END 
Gjs-Message: JS LOG: <accessible> : 
Gjs-Message: JS LOG: <caller> [object FocusCaretTracker]
Gjs-Message: JS LOG: <event> object:state-changed:focused,1
Gjs-Message: JS LOG: <contructor>function Atspi_Accessible() {
    [native code]
}
Gjs-Message: JS LOG: <role name> push button
Gjs-Message: JS LOG: <extents> [1002 117 119 118]
Gjs-Message: JS LOG: END 
Gjs-Message: JS LOG: <accessible> : 
Gjs-Message: JS LOG: <caller> [object FocusCaretTracker]
Gjs-Message: JS LOG: <event> object:state-changed:focused,0
Gjs-Message: JS LOG: <contructor>function Atspi_Accessible() {
    [native code]
}
Gjs-Message: JS LOG: <role name> push button
Gjs-Message: JS LOG: focus lost 
Gjs-Message: JS LOG: END 
Gjs-Message: JS LOG: <accessible> : 
Gjs-Message: JS LOG: <caller> [object FocusCaretTracker]
Gjs-Message: JS LOG: <event> object:state-changed:focused,1
Gjs-Message: JS LOG: <contructor>function Atspi_Accessible() {
    [native code]
}
Gjs-Message: JS LOG: <role name> push button
Gjs-Message: JS LOG: <extents> [799 117 118 118]
Gjs-Message: JS LOG: END 
Gjs-Message: JS LOG: <accessible> : 
Gjs-Message: JS LOG: <caller> [object FocusCaretTracker]
Gjs-Message: JS LOG: <event> object:state-changed:focused,0
Gjs-Message: JS LOG: <contructor>function Atspi_Accessible() {
    [native code]
}
Gjs-Message: JS LOG: <role name> push button
Gjs-Message: JS LOG: focus lost 
Gjs-Message: JS LOG: END 
Gjs-Message: JS LOG: <accessible> : 
Gjs-Message: JS LOG: <caller> [object FocusCaretTracker]
Gjs-Message: JS LOG: <event> object:state-changed:focused,1
Gjs-Message: JS LOG: <contructor>function Atspi_Accessible() {
    [native code]
}
Gjs-Message: JS LOG: <role name> push button
Gjs-Message: JS LOG: <extents> [596 117 119 118]
Gjs-Message: JS LOG: END 
Gjs-Message: JS LOG: <accessible> : 
Gjs-Message: JS LOG: <caller> [object FocusCaretTracker]
Gjs-Message: JS LOG: <event> object:state-changed:focused,0
Gjs-Message: JS LOG: <contructor>function Atspi_Accessible() {
    [native code]
}
Gjs-Message: JS LOG: <role name> push button
Gjs-Message: JS LOG: focus lost 
Gjs-Message: JS LOG: END 
Gjs-Message: JS LOG: <accessible> : 
Gjs-Message: JS LOG: <caller> [object FocusCaretTracker]
Gjs-Message: JS LOG: <event> object:state-changed:focused,1
Gjs-Message: JS LOG: <contructor>function Atspi_Accessible() {
    [native code]
}
Gjs-Message: JS LOG: <role name> push button
Gjs-Message: JS LOG: <extents> [393 117 119 118]
Gjs-Message: JS LOG: END 
Gjs-Message: JS LOG: <accessible> : 
Gjs-Message: JS LOG: <caller> [object FocusCaretTracker]
Gjs-Message: JS LOG: <event> object:state-changed:focused,0
Gjs-Message: JS LOG: <contructor>function Atspi_Accessible() {
    [native code]
}
Gjs-Message: JS LOG: <role name> push button
Gjs-Message: JS LOG: focus lost 
Gjs-Message: JS LOG: END 
Gjs-Message: JS LOG: <accessible> : All
Gjs-Message: JS LOG: <caller> [object FocusCaretTracker]
Gjs-Message: JS LOG: <event> object:state-changed:focused,1
Gjs-Message: JS LOG: <contructor>function Atspi_Accessible() {
    [native code]
}
Gjs-Message: JS LOG: <role name> push button
Gjs-Message: JS LOG: <extents> [960 1008 125 31]
Gjs-Message: JS LOG: END 
Gjs-Message: JS LOG: <accessible> : All
Gjs-Message: JS LOG: <caller> [object FocusCaretTracker]
Gjs-Message: JS LOG: <event> object:state-changed:focused,0
Gjs-Message: JS LOG: <contructor>function Atspi_Accessible() {
    [native code]
}
Gjs-Message: JS LOG: <role name> push button
Gjs-Message: JS LOG: focus lost 
Gjs-Message: JS LOG: END 
Gjs-Message: JS LOG: <accessible> : Frequent
Gjs-Message: JS LOG: <caller> [object FocusCaretTracker]
Gjs-Message: JS LOG: <event> object:state-changed:focused,1
Gjs-Message: JS LOG: <contructor>function Atspi_Accessible() {
    [native code]
}
Gjs-Message: JS LOG: <role name> push button
Gjs-Message: JS LOG: <extents> [875 1008 86 31]
Gjs-Message: JS LOG: END 
Gjs-Message: JS LOG: <accessible> : 
Gjs-Message: JS LOG: <caller> [object FocusCaretTracker]
Gjs-Message: JS LOG: <event> object:text-caret-moved,-1
Gjs-Message: JS LOG: <contructor>function Atspi_Accessible() {
    [native code]
}
Gjs-Message: JS LOG: <role name> text
Gjs-Message: JS LOG: <accessible> : 
Gjs-Message: JS LOG: <caller> [object FocusCaretTracker]
Gjs-Message: JS LOG: <event> object:text-caret-moved,-1
Gjs-Message: JS LOG: <contructor>function Atspi_Accessible() {
    [native code]
}
Gjs-Message: JS LOG: <role name> text
Gjs-Message: JS LOG: <accessible> : Frequent
Gjs-Message: JS LOG: <caller> [object FocusCaretTracker]
Gjs-Message: JS LOG: <event> object:state-changed:focused,0
Gjs-Message: JS LOG: <contructor>function Atspi_Accessible() {
    [native code]
}
Gjs-Message: JS LOG: <role name> push button
Gjs-Message: JS LOG: focus lost 
Gjs-Message: JS LOG: END 
Gjs-Message: JS LOG: <accessible> : 
Gjs-Message: JS LOG: <caller> [object FocusCaretTracker]
Gjs-Message: JS LOG: <event> object:state-changed:focused,1
Gjs-Message: JS LOG: <contructor>function Atspi_Accessible() {
    [native code]
}
Gjs-Message: JS LOG: <role name> push button
Gjs-Message: JS LOG: <extents> [393 320 119 118]
Gjs-Message: JS LOG: END 
Gjs-Message: JS LOG: <accessible> : 
Gjs-Message: JS LOG: <caller> [object FocusCaretTracker]
Gjs-Message: JS LOG: <event> object:text-caret-moved,-1
Gjs-Message: JS LOG: <contructor>function Atspi_Accessible() {
    [native code]
}
Gjs-Message: JS LOG: <role name> text
Gjs-Message: JS LOG: <accessible> : 
Gjs-Message: JS LOG: <caller> [object FocusCaretTracker]
Gjs-Message: JS LOG: <event> object:text-caret-moved,-1
Gjs-Message: JS LOG: <contructor>function Atspi_Accessible() {
    [native code]
}
Gjs-Message: JS LOG: <role name> text
Gjs-Message: JS LOG: <accessible> : 
Gjs-Message: JS LOG: <caller> [object FocusCaretTracker]
Gjs-Message: JS LOG: <event> object:state-changed:focused,0
Gjs-Message: JS LOG: <contructor>function Atspi_Accessible() {
    [native code]
}
Gjs-Message: JS LOG: <role name> push button
Gjs-Message: JS LOG: focus lost 
Gjs-Message: JS LOG: END 
Gjs-Message: JS LOG: <accessible> : 
Gjs-Message: JS LOG: <caller> [object FocusCaretTracker]
Gjs-Message: JS LOG: <event> object:state-changed:focused,1
Gjs-Message: JS LOG: <contructor>function Atspi_Accessible() {
    [native code]
}
Gjs-Message: JS LOG: <role name> push button
Gjs-Message: JS LOG: <extents> [1408 117 118 118]
Gjs-Message: JS LOG: END 
Gjs-Message: JS LOG: <accessible> : 
Gjs-Message: JS LOG: <caller> [object FocusCaretTracker]
Gjs-Message: JS LOG: <event> object:state-changed:focused,0
Gjs-Message: JS LOG: <contructor>function Atspi_Accessible() {
    [native code]
}
Gjs-Message: JS LOG: <role name> push button
Gjs-Message: JS LOG: focus lost 
Gjs-Message: JS LOG: END 
Gjs-Message: JS LOG: <accessible> : 
Gjs-Message: JS LOG: <caller> [object FocusCaretTracker]
Gjs-Message: JS LOG: <event> object:state-changed:focused,1
Gjs-Message: JS LOG: <contructor>function Atspi_Accessible() {
    [native code]
}
Gjs-Message: JS LOG: <role name> push button
Gjs-Message: JS LOG: <extents> [1205 117 118 118]
Gjs-Message: JS LOG: END 
Gjs-Message: JS LOG: <accessible> : 
Gjs-Message: JS LOG: <caller> [object FocusCaretTracker]
Gjs-Message: JS LOG: <event> object:state-changed:focused,0
Gjs-Message: JS LOG: <contructor>function Atspi_Accessible() {
    [native code]
}
Gjs-Message: JS LOG: <role name> push button
Gjs-Message: JS LOG: focus lost 
Gjs-Message: JS LOG: END 
Gjs-Message: JS LOG: <accessible> : 
Gjs-Message: JS LOG: <caller> [object FocusCaretTracker]
Gjs-Message: JS LOG: <event> object:state-changed:focused,1
Gjs-Message: JS LOG: <contructor>function Atspi_Accessible() {
    [native code]
}
Gjs-Message: JS LOG: <role name> push button
Gjs-Message: JS LOG: <extents> [1002 117 119 118]
Gjs-Message: JS LOG: END 
Gjs-Message: JS LOG: <accessible> : 
Gjs-Message: JS LOG: <caller> [object FocusCaretTracker]
Gjs-Message: JS LOG: <event> object:state-changed:focused,0
Gjs-Message: JS LOG: <contructor>function Atspi_Accessible() {
    [native code]
}
Gjs-Message: JS LOG: <role name> push button
Gjs-Message: JS LOG: focus lost 
Gjs-Message: JS LOG: END 
Gjs-Message: JS LOG: <accessible> : 
Gjs-Message: JS LOG: <caller> [object FocusCaretTracker]
Gjs-Message: JS LOG: <event> object:state-changed:focused,1
Gjs-Message: JS LOG: <contructor>function Atspi_Accessible() {
    [native code]
}
Gjs-Message: JS LOG: <role name> push button
Gjs-Message: JS LOG: <extents> [1205 117 118 118]
Gjs-Message: JS LOG: END 
Gjs-Message: JS LOG: <accessible> : 
Gjs-Message: JS LOG: <caller> [object FocusCaretTracker]
Gjs-Message: JS LOG: <event> object:state-changed:focused,0
Gjs-Message: JS LOG: <contructor>function Atspi_Accessible() {
    [native code]
}
Gjs-Message: JS LOG: <role name> push button
Gjs-Message: JS LOG: focus lost 
Gjs-Message: JS LOG: END 
Gjs-Message: JS LOG: <accessible> : 
Gjs-Message: JS LOG: <caller> [object FocusCaretTracker]
Gjs-Message: JS LOG: <event> object:state-changed:focused,1
Gjs-Message: JS LOG: <contructor>function Atspi_Accessible() {
    [native code]
}
Gjs-Message: JS LOG: <role name> window
Gjs-Message: JS LOG: <extents> [0 0 1921 1080]
Gjs-Message: JS LOG: END 
Gjs-Message: JS LOG: <accessible> : Edit
Gjs-Message: JS LOG: <caller> [object FocusCaretTracker]
Gjs-Message: JS LOG: <event> object:state-changed:selected,1
Gjs-Message: JS LOG: <contructor>function Atspi_Accessible() {
    [native code]
}
Gjs-Message: JS LOG: <role name> menu
Gjs-Message: JS LOG: <extents> [42 91 41 27]
Gjs-Message: JS LOG: END 
Gjs-Message: JS LOG: <accessible> : Paste
Gjs-Message: JS LOG: <caller> [object FocusCaretTracker]
Gjs-Message: JS LOG: <event> object:state-changed:selected,1
Gjs-Message: JS LOG: <contructor>function Atspi_Accessible() {
    [native code]
}
Gjs-Message: JS LOG: <role name> menu item
Gjs-Message: JS LOG: <extents> [42 147 272 29]
Gjs-Message: JS LOG: END 
Gjs-Message: JS LOG: <accessible> : Paste
Gjs-Message: JS LOG: <caller> [object FocusCaretTracker]
Gjs-Message: JS LOG: <event> object:state-changed:selected,0
Gjs-Message: JS LOG: <contructor>function Atspi_Accessible() {
    [native code]
}
Gjs-Message: JS LOG: <role name> menu item
Gjs-Message: JS LOG: focus lost 
Gjs-Message: JS LOG: END 
Gjs-Message: JS LOG: <accessible> : Select All
Gjs-Message: JS LOG: <caller> [object FocusCaretTracker]
Gjs-Message: JS LOG: <event> object:state-changed:selected,1
Gjs-Message: JS LOG: <contructor>function Atspi_Accessible() {
    [native code]
}
Gjs-Message: JS LOG: <role name> menu item
Gjs-Message: JS LOG: <extents> [42 185 272 29]
Gjs-Message: JS LOG: END 
Gjs-Message: JS LOG: <accessible> : Select All
Gjs-Message: JS LOG: <caller> [object FocusCaretTracker]
Gjs-Message: JS LOG: <event> object:state-changed:selected,0
Gjs-Message: JS LOG: <contructor>function Atspi_Accessible() {
    [native code]
}
Gjs-Message: JS LOG: <role name> menu item
Gjs-Message: JS LOG: focus lost 
Gjs-Message: JS LOG: END 
Gjs-Message: JS LOG: <accessible> : Preferences
Gjs-Message: JS LOG: <caller> [object FocusCaretTracker]
Gjs-Message: JS LOG: <event> object:state-changed:selected,1
Gjs-Message: JS LOG: <contructor>function Atspi_Accessible() {
    [native code]
}
Gjs-Message: JS LOG: <role name> menu item
Gjs-Message: JS LOG: <extents> [42 223 272 29]
Gjs-Message: JS LOG: END 
Gjs-Message: JS LOG: <accessible> : Preferences
Gjs-Message: JS LOG: <caller> [object FocusCaretTracker]
Gjs-Message: JS LOG: <event> object:state-changed:selected,0
Gjs-Message: JS LOG: <contructor>function Atspi_Accessible() {
    [native code]
}
Gjs-Message: JS LOG: <role name> menu item
Gjs-Message: JS LOG: focus lost 
Gjs-Message: JS LOG: END 
Gjs-Message: JS LOG: <accessible> : Profile Preferences
Gjs-Message: JS LOG: <caller> [object FocusCaretTracker]
Gjs-Message: JS LOG: <event> object:state-changed:selected,1
Gjs-Message: JS LOG: <contructor>function Atspi_Accessible() {
    [native code]
}
Gjs-Message: JS LOG: <role name> menu item
Gjs-Message: JS LOG: <extents> [42 252 272 29]
Gjs-Message: JS LOG: END 
Gjs-Message: JS LOG: <accessible> : Profile Preferences
Gjs-Message: JS LOG: <caller> [object FocusCaretTracker]
Gjs-Message: JS LOG: <event> object:state-changed:selected,0
Gjs-Message: JS LOG: <contructor>function Atspi_Accessible() {
    [native code]
}
Gjs-Message: JS LOG: <role name> menu item
Gjs-Message: JS LOG: focus lost 
Gjs-Message: JS LOG: END 
Gjs-Message: JS LOG: <accessible> : Edit
Gjs-Message: JS LOG: <caller> [object FocusCaretTracker]
Gjs-Message: JS LOG: <event> object:state-changed:selected,0
Gjs-Message: JS LOG: <contructor>function Atspi_Accessible() {
    [native code]
}
Gjs-Message: JS LOG: <role name> menu
Gjs-Message: JS LOG: focus lost 
Gjs-Message: JS LOG: END 
Gjs-Message: JS LOG: <accessible> : 
Gjs-Message: JS LOG: <caller> [object FocusCaretTracker]
Gjs-Message: JS LOG: <event> object:state-changed:focused,1
Gjs-Message: JS LOG: <contructor>function Atspi_Accessible() {
    [native code]
}
Gjs-Message: JS LOG: <role name> page tab list
Gjs-Message: JS LOG: <extents> [58 127 622 413]
Gjs-Message: JS LOG: END 
Gjs-Message: JS LOG: <accessible> : General
Gjs-Message: JS LOG: <caller> [object FocusCaretTracker]
Gjs-Message: JS LOG: <event> object:state-changed:selected,0
Gjs-Message: JS LOG: <contructor>function Atspi_Accessible() {
    [native code]
}
Gjs-Message: JS LOG: <role name> page tab
Gjs-Message: JS LOG: focus lost 
Gjs-Message: JS LOG: END 
Gjs-Message: JS LOG: <accessible> : Title and Command
Gjs-Message: JS LOG: <caller> [object FocusCaretTracker]
Gjs-Message: JS LOG: <event> object:state-changed:selected,1
Gjs-Message: JS LOG: <contructor>function Atspi_Accessible() {
    [native code]
}
Gjs-Message: JS LOG: <role name> page tab
Gjs-Message: JS LOG: <extents> [149 142 124 21]
Gjs-Message: JS LOG: END 
Gjs-Message: JS LOG: <accessible> : Title and Command
Gjs-Message: JS LOG: <caller> [object FocusCaretTracker]
Gjs-Message: JS LOG: <event> object:state-changed:selected,0
Gjs-Message: JS LOG: <contructor>function Atspi_Accessible() {
    [native code]
}
Gjs-Message: JS LOG: <role name> page tab
Gjs-Message: JS LOG: focus lost 
Gjs-Message: JS LOG: END 
Gjs-Message: JS LOG: <accessible> : Colours
Gjs-Message: JS LOG: <caller> [object FocusCaretTracker]
Gjs-Message: JS LOG: <event> object:state-changed:selected,1
Gjs-Message: JS LOG: <contructor>function Atspi_Accessible() {
    [native code]
}
Gjs-Message: JS LOG: <role name> page tab
Gjs-Message: JS LOG: <extents> [287 142 52 21]
Gjs-Message: JS LOG: END 
Gjs-Message: JS LOG: <accessible> : Colours
Gjs-Message: JS LOG: <caller> [object FocusCaretTracker]
Gjs-Message: JS LOG: <event> object:state-changed:selected,0
Gjs-Message: JS LOG: <contructor>function Atspi_Accessible() {
    [native code]
}
Gjs-Message: JS LOG: <role name> page tab
Gjs-Message: JS LOG: focus lost 
Gjs-Message: JS LOG: END 
Gjs-Message: JS LOG: <accessible> : Scrolling
Gjs-Message: JS LOG: <caller> [object FocusCaretTracker]
Gjs-Message: JS LOG: <event> object:state-changed:selected,1
Gjs-Message: JS LOG: <contructor>function Atspi_Accessible() {
    [native code]
}
Gjs-Message: JS LOG: <role name> page tab
Gjs-Message: JS LOG: <extents> [353 142 59 21]
Gjs-Message: JS LOG: END 
Gjs-Message: JS LOG: <accessible> : Scrolling
Gjs-Message: JS LOG: <caller> [object FocusCaretTracker]
Gjs-Message: JS LOG: <event> object:state-changed:selected,0
Gjs-Message: JS LOG: <contructor>function Atspi_Accessible() {
    [native code]
}
Gjs-Message: JS LOG: <role name> page tab
Gjs-Message: JS LOG: focus lost 
Gjs-Message: JS LOG: END 
Gjs-Message: JS LOG: <accessible> : Compatibility
Gjs-Message: JS LOG: <caller> [object FocusCaretTracker]
Gjs-Message: JS LOG: <event> object:state-changed:selected,1
Gjs-Message: JS LOG: <contructor>function Atspi_Accessible() {
    [native code]
}
Gjs-Message: JS LOG: <role name> page tab
Gjs-Message: JS LOG: <extents> [426 142 85 21]
Gjs-Message: JS LOG: END 
Gjs-Message: JS LOG: <accessible> : Compatibility
Gjs-Message: JS LOG: <caller> [object FocusCaretTracker]
Gjs-Message: JS LOG: <event> object:state-changed:selected,0
Gjs-Message: JS LOG: <contructor>function Atspi_Accessible() {
    [native code]
}
Gjs-Message: JS LOG: <role name> page tab
Gjs-Message: JS LOG: focus lost 
Gjs-Message: JS LOG: END 
Gjs-Message: JS LOG: <accessible> : Scrolling
Gjs-Message: JS LOG: <caller> [object FocusCaretTracker]
Gjs-Message: JS LOG: <event> object:state-changed:selected,1
Gjs-Message: JS LOG: <contructor>function Atspi_Accessible() {
    [native code]
}
Gjs-Message: JS LOG: <role name> page tab
Gjs-Message: JS LOG: <extents> [353 142 59 21]
Gjs-Message: JS LOG: END 
Gjs-Message: JS LOG: <accessible> : Scrolling
Gjs-Message: JS LOG: <caller> [object FocusCaretTracker]
Gjs-Message: JS LOG: <event> object:state-changed:selected,0
Gjs-Message: JS LOG: <contructor>function Atspi_Accessible() {
    [native code]
}
Gjs-Message: JS LOG: <role name> page tab
Gjs-Message: JS LOG: focus lost 
Gjs-Message: JS LOG: END 
Gjs-Message: JS LOG: <accessible> : Colours
Gjs-Message: JS LOG: <caller> [object FocusCaretTracker]
Gjs-Message: JS LOG: <event> object:state-changed:selected,1
Gjs-Message: JS LOG: <contructor>function Atspi_Accessible() {
    [native code]
}
Gjs-Message: JS LOG: <role name> page tab
Gjs-Message: JS LOG: <extents> [287 142 52 21]
Gjs-Message: JS LOG: END 
Gjs-Message: JS LOG: <accessible> : Colours
Gjs-Message: JS LOG: <caller> [object FocusCaretTracker]
Gjs-Message: JS LOG: <event> object:state-changed:selected,0
Gjs-Message: JS LOG: <contructor>function Atspi_Accessible() {
    [native code]
}
Gjs-Message: JS LOG: <role name> page tab
Gjs-Message: JS LOG: focus lost 
Gjs-Message: JS LOG: END 
Gjs-Message: JS LOG: <accessible> : Title and Command
Gjs-Message: JS LOG: <caller> [object FocusCaretTracker]
Gjs-Message: JS LOG: <event> object:state-changed:selected,1
Gjs-Message: JS LOG: <contructor>function Atspi_Accessible() {
    [native code]
}
Gjs-Message: JS LOG: <role name> page tab
Gjs-Message: JS LOG: <extents> [149 142 124 21]
Gjs-Message: JS LOG: END 
Gjs-Message: JS LOG: <accessible> : Title and Command
Gjs-Message: JS LOG: <caller> [object FocusCaretTracker]
Gjs-Message: JS LOG: <event> object:state-changed:selected,0
Gjs-Message: JS LOG: <contructor>function Atspi_Accessible() {
    [native code]
}
Gjs-Message: JS LOG: <role name> page tab
Gjs-Message: JS LOG: focus lost 
Gjs-Message: JS LOG: END 
Gjs-Message: JS LOG: <accessible> : General
Gjs-Message: JS LOG: <caller> [object FocusCaretTracker]
Gjs-Message: JS LOG: <event> object:state-changed:selected,1
Gjs-Message: JS LOG: <contructor>function Atspi_Accessible() {
    [native code]
}
Gjs-Message: JS LOG: <role name> page tab
Gjs-Message: JS LOG: <extents> [82 142 53 21]
Gjs-Message: JS LOG: END 
Gjs-Message: JS LOG: <accessible> : General
Gjs-Message: JS LOG: <caller> [object FocusCaretTracker]
Gjs-Message: JS LOG: <event> object:state-changed:selected,0
Gjs-Message: JS LOG: <contructor>function Atspi_Accessible() {
    [native code]
}
Gjs-Message: JS LOG: <role name> page tab
Gjs-Message: JS LOG: focus lost 
Gjs-Message: JS LOG: END 
Gjs-Message: JS LOG: <accessible> : Compatibility
Gjs-Message: JS LOG: <caller> [object FocusCaretTracker]
Gjs-Message: JS LOG: <event> object:state-changed:selected,1
Gjs-Message: JS LOG: <contructor>function Atspi_Accessible() {
    [native code]
}
Gjs-Message: JS LOG: <role name> page tab
Gjs-Message: JS LOG: <extents> [426 142 85 21]
Gjs-Message: JS LOG: END 
Gjs-Message: JS LOG: <accessible> : Compatibility
Gjs-Message: JS LOG: <caller> [object FocusCaretTracker]
Gjs-Message: JS LOG: <event> object:state-changed:selected,0
Gjs-Message: JS LOG: <contructor>function Atspi_Accessible() {
    [native code]
}
Gjs-Message: JS LOG: <role name> page tab
Gjs-Message: JS LOG: focus lost 
Gjs-Message: JS LOG: END 
Gjs-Message: JS LOG: <accessible> : Scrolling
Gjs-Message: JS LOG: <caller> [object FocusCaretTracker]
Gjs-Message: JS LOG: <event> object:state-changed:selected,1
Gjs-Message: JS LOG: <contructor>function Atspi_Accessible() {
    [native code]
}
Gjs-Message: JS LOG: <role name> page tab
Gjs-Message: JS LOG: <extents> [353 142 59 21]
Gjs-Message: JS LOG: END 
Gjs-Message: JS LOG: <accessible> : Scrolling
Gjs-Message: JS LOG: <caller> [object FocusCaretTracker]
Gjs-Message: JS LOG: <event> object:state-changed:selected,0
Gjs-Message: JS LOG: <contructor>function Atspi_Accessible() {
    [native code]
}
Gjs-Message: JS LOG: <role name> page tab
Gjs-Message: JS LOG: focus lost 
Gjs-Message: JS LOG: END 
Gjs-Message: JS LOG: <accessible> : Colours
Gjs-Message: JS LOG: <caller> [object FocusCaretTracker]
Gjs-Message: JS LOG: <event> object:state-changed:selected,1
Gjs-Message: JS LOG: <contructor>function Atspi_Accessible() {
    [native code]
}
Gjs-Message: JS LOG: <role name> page tab
Gjs-Message: JS LOG: <extents> [287 142 52 21]
Gjs-Message: JS LOG: END 
Gjs-Message: JS LOG: <accessible> : Colours
Gjs-Message: JS LOG: <caller> [object FocusCaretTracker]
Gjs-Message: JS LOG: <event> object:state-changed:selected,0
Gjs-Message: JS LOG: <contructor>function Atspi_Accessible() {
    [native code]
}
Gjs-Message: JS LOG: <role name> page tab
Gjs-Message: JS LOG: focus lost 
Gjs-Message: JS LOG: END 
Gjs-Message: JS LOG: <accessible> : Title and Command
Gjs-Message: JS LOG: <caller> [object FocusCaretTracker]
Gjs-Message: JS LOG: <event> object:state-changed:selected,1
Gjs-Message: JS LOG: <contructor>function Atspi_Accessible() {
    [native code]
}
Gjs-Message: JS LOG: <role name> page tab
Gjs-Message: JS LOG: <extents> [149 142 124 21]
Gjs-Message: JS LOG: END 
Gjs-Message: JS LOG: <accessible> : Title and Command
Gjs-Message: JS LOG: <caller> [object FocusCaretTracker]
Gjs-Message: JS LOG: <event> object:state-changed:selected,0
Gjs-Message: JS LOG: <contructor>function Atspi_Accessible() {
    [native code]
}
Gjs-Message: JS LOG: <role name> page tab
Gjs-Message: JS LOG: focus lost 
Gjs-Message: JS LOG: END 
Gjs-Message: JS LOG: <accessible> : General
Gjs-Message: JS LOG: <caller> [object FocusCaretTracker]
Gjs-Message: JS LOG: <event> object:state-changed:selected,1
Gjs-Message: JS LOG: <contructor>function Atspi_Accessible() {
    [native code]
}
Gjs-Message: JS LOG: <role name> page tab
Gjs-Message: JS LOG: <extents> [82 142 53 21]
Gjs-Message: JS LOG: END 
Gjs-Message: JS LOG: <accessible> : General
Gjs-Message: JS LOG: <caller> [object FocusCaretTracker]
Gjs-Message: JS LOG: <event> object:state-changed:focused,0
Gjs-Message: JS LOG: <contructor>function Atspi_Accessible() {
    [native code]
}
Gjs-Message: JS LOG: <role name> page tab
Gjs-Message: JS LOG: focus lost 
Gjs-Message: JS LOG: END 
Gjs-Message: JS LOG: <accessible> : Close
Gjs-Message: JS LOG: <caller> [object FocusCaretTracker]
Gjs-Message: JS LOG: <event> object:state-changed:focused,1
Gjs-Message: JS LOG: <contructor>function Atspi_Accessible() {
    [native code]
}
Gjs-Message: JS LOG: <role name> push button
Gjs-Message: JS LOG: <extents> [590 547 85 32]
Gjs-Message: JS LOG: END 
Gjs-Message: JS LOG: <accessible> : Close
Gjs-Message: JS LOG: <caller> [object FocusCaretTracker]
Gjs-Message: JS LOG: <event> object:state-changed:focused,0
Gjs-Message: JS LOG: <contructor>function Atspi_Accessible() {
    [native code]
}
Gjs-Message: JS LOG: <role name> push button
Gjs-Message: JS LOG: focus lost 
Gjs-Message: JS LOG: END 
Gjs-Message: JS LOG: <accessible> : Help
Gjs-Message: JS LOG: <caller> [object FocusCaretTracker]
Gjs-Message: JS LOG: <event> object:state-changed:focused,1
Gjs-Message: JS LOG: <contructor>function Atspi_Accessible() {
    [native code]
}
Gjs-Message: JS LOG: <role name> push button
Gjs-Message: JS LOG: <extents> [63 547 85 32]
Gjs-Message: JS LOG: END 
Gjs-Message: JS LOG: <accessible> : Help
Gjs-Message: JS LOG: <caller> [object FocusCaretTracker]
Gjs-Message: JS LOG: <event> object:state-changed:focused,0
Gjs-Message: JS LOG: <contructor>function Atspi_Accessible() {
    [native code]
}
Gjs-Message: JS LOG: <role name> push button
Gjs-Message: JS LOG: focus lost 
Gjs-Message: JS LOG: END 
Gjs-Message: JS LOG: <accessible> : 
Gjs-Message: JS LOG: <caller> [object FocusCaretTracker]
Gjs-Message: JS LOG: <event> object:state-changed:focused,1
Gjs-Message: JS LOG: <contructor>function Atspi_Accessible() {
    [native code]
}
Gjs-Message: JS LOG: <role name> spin button
Gjs-Message: JS LOG: <extents> [357 490 102 32]
Gjs-Message: JS LOG: END 
Gjs-Message: JS LOG: <accessible> : 
Gjs-Message: JS LOG: <caller> [object FocusCaretTracker]
Gjs-Message: JS LOG: <event> object:text-caret-moved,2
Gjs-Message: JS LOG: <contructor>function Atspi_Accessible() {
    [native code]
}
Gjs-Message: JS LOG: <role name> spin button
Gjs-Message: JS LOG: <text_extents> 74 125 0 21
Gjs-Message: JS LOG: END 
Gjs-Message: JS LOG: <accessible> : 
Gjs-Message: JS LOG: <caller> [object FocusCaretTracker]
Gjs-Message: JS LOG: <event> object:state-changed:focused,0
Gjs-Message: JS LOG: <contructor>function Atspi_Accessible() {
    [native code]
}
Gjs-Message: JS LOG: <role name> spin button
Gjs-Message: JS LOG: focus lost 
Gjs-Message: JS LOG: END 
Gjs-Message: JS LOG: <accessible> : 
Gjs-Message: JS LOG: <caller> [object FocusCaretTracker]
Gjs-Message: JS LOG: <event> object:state-changed:focused,1
Gjs-Message: JS LOG: <contructor>function Atspi_Accessible() {
    [native code]
}
Gjs-Message: JS LOG: <role name> spin button
Gjs-Message: JS LOG: <extents> [183 490 102 32]
Gjs-Message: JS LOG: END 
Gjs-Message: JS LOG: <accessible> : 
Gjs-Message: JS LOG: <caller> [object FocusCaretTracker]
Gjs-Message: JS LOG: <event> object:text-caret-moved,2
Gjs-Message: JS LOG: <contructor>function Atspi_Accessible() {
    [native code]
}
Gjs-Message: JS LOG: <role name> spin button
Gjs-Message: JS LOG: <text_extents> 74 125 0 21
Gjs-Message: JS LOG: END 
Gjs-Message: JS LOG: <accessible> : 
Gjs-Message: JS LOG: <caller> [object FocusCaretTracker]
Gjs-Message: JS LOG: <event> object:state-changed:focused,0
Gjs-Message: JS LOG: <contructor>function Atspi_Accessible() {
    [native code]
}
Gjs-Message: JS LOG: <role name> spin button
Gjs-Message: JS LOG: focus lost 
Gjs-Message: JS LOG: END 
Gjs-Message: JS LOG: <accessible> : Use custom default terminal size
Gjs-Message: JS LOG: <caller> [object FocusCaretTracker]
Gjs-Message: JS LOG: <event> object:state-changed:focused,1
Gjs-Message: JS LOG: <contructor>function Atspi_Accessible() {
    [native code]
}
Gjs-Message: JS LOG: <role name> check box
Gjs-Message: JS LOG: <extents> [76 457 586 27]
Gjs-Message: JS LOG: END 
Gjs-Message: JS LOG: <accessible> : Use custom default terminal size
Gjs-Message: JS LOG: <caller> [object FocusCaretTracker]
Gjs-Message: JS LOG: <event> object:state-changed:focused,0
Gjs-Message: JS LOG: <contructor>function Atspi_Accessible() {
    [native code]
}
Gjs-Message: JS LOG: <role name> check box
Gjs-Message: JS LOG: focus lost 
Gjs-Message: JS LOG: END 
Gjs-Message: JS LOG: <accessible> : 
Gjs-Message: JS LOG: <caller> [object FocusCaretTracker]
Gjs-Message: JS LOG: <event> object:state-changed:focused,1
Gjs-Message: JS LOG: <contructor>function Atspi_Accessible() {
    [native code]
}
Gjs-Message: JS LOG: <role name> text
Gjs-Message: JS LOG: <extents> [269 419 393 32]
Gjs-Message: JS LOG: END 
Gjs-Message: JS LOG: <accessible> : 
Gjs-Message: JS LOG: <caller> [object FocusCaretTracker]
Gjs-Message: JS LOG: <event> object:text-caret-moved,23
Gjs-Message: JS LOG: <contructor>function Atspi_Accessible() {
    [native code]
}
Gjs-Message: JS LOG: <role name> text
Gjs-Message: JS LOG: <text_extents> 236 125 0 21
Gjs-Message: JS LOG: END 
Gjs-Message: JS LOG: <accessible> : 
Gjs-Message: JS LOG: <caller> [object FocusCaretTracker]
Gjs-Message: JS LOG: <event> object:state-changed:focused,0
Gjs-Message: JS LOG: <contructor>function Atspi_Accessible() {
    [native code]
}
Gjs-Message: JS LOG: <role name> text
Gjs-Message: JS LOG: focus lost 
Gjs-Message: JS LOG: END 
Gjs-Message: JS LOG: <accessible> : I-Beam
Gjs-Message: JS LOG: <caller> [object FocusCaretTracker]
Gjs-Message: JS LOG: <event> object:state-changed:focused,0
Gjs-Message: JS LOG: <contructor>function Atspi_Accessible() {
    [native code]
}
Gjs-Message: JS LOG: <role name> combo box
Gjs-Message: JS LOG: focus lost 
Gjs-Message: JS LOG: END 
Gjs-Message: JS LOG: <accessible> : Terminal bell
Gjs-Message: JS LOG: <caller> [object FocusCaretTracker]
Gjs-Message: JS LOG: <event> object:state-changed:focused,1
Gjs-Message: JS LOG: <contructor>function Atspi_Accessible() {
    [native code]
}
Gjs-Message: JS LOG: <role name> check box
Gjs-Message: JS LOG: <extents> [76 348 586 27]
Gjs-Message: JS LOG: END 
Gjs-Message: JS LOG: <accessible> : Terminal bell
Gjs-Message: JS LOG: <caller> [object FocusCaretTracker]
Gjs-Message: JS LOG: <event> object:state-changed:focused,0
Gjs-Message: JS LOG: <contructor>function Atspi_Accessible() {
    [native code]
}
Gjs-Message: JS LOG: <role name> check box
Gjs-Message: JS LOG: focus lost 
Gjs-Message: JS LOG: END 
Gjs-Message: JS LOG: <accessible> : Allow bold text
Gjs-Message: JS LOG: <caller> [object FocusCaretTracker]
Gjs-Message: JS LOG: <event> object:state-changed:focused,1
Gjs-Message: JS LOG: <contructor>function Atspi_Accessible() {
    [native code]
}
Gjs-Message: JS LOG: <role name> check box
Gjs-Message: JS LOG: <extents> [76 315 586 27]
Gjs-Message: JS LOG: END 
Gjs-Message: JS LOG: <accessible> : Allow bold text
Gjs-Message: JS LOG: <caller> [object FocusCaretTracker]
Gjs-Message: JS LOG: <event> object:state-changed:focused,0
Gjs-Message: JS LOG: <contructor>function Atspi_Accessible() {
    [native code]
}
Gjs-Message: JS LOG: <role name> check box
Gjs-Message: JS LOG: focus lost 
Gjs-Message: JS LOG: END 
Gjs-Message: JS LOG: <accessible> : Use the system fixed width font
Gjs-Message: JS LOG: <caller> [object FocusCaretTracker]
Gjs-Message: JS LOG: <event> object:state-changed:focused,1
Gjs-Message: JS LOG: <contructor>function Atspi_Accessible() {
    [native code]
}
Gjs-Message: JS LOG: <role name> check box
Gjs-Message: JS LOG: <extents> [76 244 586 27]
Gjs-Message: JS LOG: END 
Gjs-Message: JS LOG: <accessible> : Use the system fixed width font
Gjs-Message: JS LOG: <caller> [object FocusCaretTracker]
Gjs-Message: JS LOG: <event> object:state-changed:focused,0
Gjs-Message: JS LOG: <contructor>function Atspi_Accessible() {
    [native code]
}
Gjs-Message: JS LOG: <role name> check box
Gjs-Message: JS LOG: focus lost 
Gjs-Message: JS LOG: END 
Gjs-Message: JS LOG: <accessible> : 
Gjs-Message: JS LOG: <caller> [object FocusCaretTracker]
Gjs-Message: JS LOG: <event> object:state-changed:focused,1
Gjs-Message: JS LOG: <contructor>function Atspi_Accessible() {
    [native code]
}
Gjs-Message: JS LOG: <role name> text
Gjs-Message: JS LOG: <extents> [173 206 489 32]
Gjs-Message: JS LOG: END 
Gjs-Message: JS LOG: <accessible> : 
Gjs-Message: JS LOG: <caller> [object FocusCaretTracker]
Gjs-Message: JS LOG: <event> object:text-caret-moved,7
Gjs-Message: JS LOG: <contructor>function Atspi_Accessible() {
    [native code]
}
Gjs-Message: JS LOG: <role name> text
Gjs-Message: JS LOG: <text_extents> 116 125 0 21
Gjs-Message: JS LOG: END 
Gjs-Message: JS LOG: <accessible> : 
Gjs-Message: JS LOG: <caller> [object FocusCaretTracker]
Gjs-Message: JS LOG: <event> object:state-changed:focused,0
Gjs-Message: JS LOG: <contructor>function Atspi_Accessible() {
    [native code]
}
Gjs-Message: JS LOG: <role name> text
Gjs-Message: JS LOG: focus lost 
Gjs-Message: JS LOG: END 
Gjs-Message: JS LOG: <accessible> : b1dcc9dd-5262-4d8d-a863-c897e6d979b9
Gjs-Message: JS LOG: <caller> [object FocusCaretTracker]
Gjs-Message: JS LOG: <event> object:state-changed:focused,1
Gjs-Message: JS LOG: <contructor>function Atspi_Accessible() {
    [native code]
}
Gjs-Message: JS LOG: <role name> label
Gjs-Message: JS LOG: <extents> [173 179 489 21]
Gjs-Message: JS LOG: END 
Gjs-Message: JS LOG: <accessible> : b1dcc9dd-5262-4d8d-a863-c897e6d979b9
Gjs-Message: JS LOG: <caller> [object FocusCaretTracker]
Gjs-Message: JS LOG: <event> object:text-caret-moved,36
Gjs-Message: JS LOG: <contructor>function Atspi_Accessible() {
    [native code]
}
Gjs-Message: JS LOG: <role name> label
Gjs-Message: JS LOG: <text_extents> 468 179 0 21
Gjs-Message: JS LOG: END 
Gjs-Message: JS LOG: <accessible> : b1dcc9dd-5262-4d8d-a863-c897e6d979b9
Gjs-Message: JS LOG: <caller> [object FocusCaretTracker]
Gjs-Message: JS LOG: <event> object:state-changed:focused,0
Gjs-Message: JS LOG: <contructor>function Atspi_Accessible() {
    [native code]
}
Gjs-Message: JS LOG: <role name> label
Gjs-Message: JS LOG: focus lost 
Gjs-Message: JS LOG: END 
Gjs-Message: JS LOG: <accessible> : General
Gjs-Message: JS LOG: <caller> [object FocusCaretTracker]
Gjs-Message: JS LOG: <event> object:state-changed:focused,1
Gjs-Message: JS LOG: <contructor>function Atspi_Accessible() {
    [native code]
}
Gjs-Message: JS LOG: <role name> page tab
Gjs-Message: JS LOG: <extents> [82 142 53 21]
Gjs-Message: JS LOG: END 
Gjs-Message: JS LOG: <accessible> : General
Gjs-Message: JS LOG: <caller> [object FocusCaretTracker]
Gjs-Message: JS LOG: <event> object:state-changed:selected,0
Gjs-Message: JS LOG: <contructor>function Atspi_Accessible() {
    [native code]
}
Gjs-Message: JS LOG: <role name> page tab
Gjs-Message: JS LOG: focus lost 
Gjs-Message: JS LOG: END 
Gjs-Message: JS LOG: <accessible> : Title and Command
Gjs-Message: JS LOG: <caller> [object FocusCaretTracker]
Gjs-Message: JS LOG: <event> object:state-changed:selected,1
Gjs-Message: JS LOG: <contructor>function Atspi_Accessible() {
    [native code]
}
Gjs-Message: JS LOG: <role name> page tab
Gjs-Message: JS LOG: <extents> [149 142 124 21]
Gjs-Message: JS LOG: END 
Gjs-Message: JS LOG: <accessible> : Title and Command
Gjs-Message: JS LOG: <caller> [object FocusCaretTracker]
Gjs-Message: JS LOG: <event> object:state-changed:focused,0
Gjs-Message: JS LOG: <contructor>function Atspi_Accessible() {
    [native code]
}
Gjs-Message: JS LOG: <role name> page tab
Gjs-Message: JS LOG: focus lost 
Gjs-Message: JS LOG: END 
Gjs-Message: JS LOG: <accessible> : Close
Gjs-Message: JS LOG: <caller> [object FocusCaretTracker]
Gjs-Message: JS LOG: <event> object:state-changed:focused,1
Gjs-Message: JS LOG: <contructor>function Atspi_Accessible() {
    [native code]
}
Gjs-Message: JS LOG: <role name> push button
Gjs-Message: JS LOG: <extents> [590 547 85 32]
Gjs-Message: JS LOG: END 
Gjs-Message: JS LOG: <accessible> : Close
Gjs-Message: JS LOG: <caller> [object FocusCaretTracker]
Gjs-Message: JS LOG: <event> object:state-changed:focused,0
Gjs-Message: JS LOG: <contructor>function Atspi_Accessible() {
    [native code]
}
Gjs-Message: JS LOG: <role name> push button
Gjs-Message: JS LOG: focus lost 
Gjs-Message: JS LOG: END 
Gjs-Message: JS LOG: <accessible> : Help
Gjs-Message: JS LOG: <caller> [object FocusCaretTracker]
Gjs-Message: JS LOG: <event> object:state-changed:focused,1
Gjs-Message: JS LOG: <contructor>function Atspi_Accessible() {
    [native code]
}
Gjs-Message: JS LOG: <role name> push button
Gjs-Message: JS LOG: <extents> [63 547 85 32]
Gjs-Message: JS LOG: END 
Gjs-Message: JS LOG: <accessible> : Help
Gjs-Message: JS LOG: <caller> [object FocusCaretTracker]
Gjs-Message: JS LOG: <event> object:state-changed:focused,0
Gjs-Message: JS LOG: <contructor>function Atspi_Accessible() {
    [native code]
}
Gjs-Message: JS LOG: <role name> push button
Gjs-Message: JS LOG: focus lost 
Gjs-Message: JS LOG: END 
Gjs-Message: JS LOG: <accessible> : Exit the terminal
Gjs-Message: JS LOG: <caller> [object FocusCaretTracker]
Gjs-Message: JS LOG: <event> object:state-changed:focused,0
Gjs-Message: JS LOG: <contructor>function Atspi_Accessible() {
    [native code]
}
Gjs-Message: JS LOG: <role name> combo box
Gjs-Message: JS LOG: focus lost 
Gjs-Message: JS LOG: END 
Gjs-Message: JS LOG: <accessible> : Run a custom command instead of my shell
Gjs-Message: JS LOG: <caller> [object FocusCaretTracker]
Gjs-Message: JS LOG: <event> object:state-changed:focused,1
Gjs-Message: JS LOG: <contructor>function Atspi_Accessible() {
    [native code]
}
Gjs-Message: JS LOG: <role name> check box
Gjs-Message: JS LOG: <extents> [88 387 574 27]
Gjs-Message: JS LOG: END 
Gjs-Message: JS LOG: <accessible> : Run a custom command instead of my shell
Gjs-Message: JS LOG: <caller> [object FocusCaretTracker]
Gjs-Message: JS LOG: <event> object:state-changed:focused,0
Gjs-Message: JS LOG: <contructor>function Atspi_Accessible() {
    [native code]
}
Gjs-Message: JS LOG: <role name> check box
Gjs-Message: JS LOG: focus lost 
Gjs-Message: JS LOG: END 
Gjs-Message: JS LOG: <accessible> : Update login records when command is launched
Gjs-Message: JS LOG: <caller> [object FocusCaretTracker]
Gjs-Message: JS LOG: <event> object:state-changed:focused,1
Gjs-Message: JS LOG: <contructor>function Atspi_Accessible() {
    [native code]
}
Gjs-Message: JS LOG: <role name> check box
Gjs-Message: JS LOG: <extents> [88 354 574 27]
Gjs-Message: JS LOG: END 
Gjs-Message: JS LOG: <accessible> : Update login records when command is launched
Gjs-Message: JS LOG: <caller> [object FocusCaretTracker]
Gjs-Message: JS LOG: <event> object:state-changed:focused,0
Gjs-Message: JS LOG: <contructor>function Atspi_Accessible() {
    [native code]
}
Gjs-Message: JS LOG: <role name> check box
Gjs-Message: JS LOG: focus lost 
Gjs-Message: JS LOG: END 
Gjs-Message: JS LOG: <accessible> : Close
Gjs-Message: JS LOG: <caller> [object FocusCaretTracker]
Gjs-Message: JS LOG: <event> object:state-changed:focused,1
Gjs-Message: JS LOG: <contructor>function Atspi_Accessible() {
    [native code]
}
Gjs-Message: JS LOG: <role name> push button
Gjs-Message: JS LOG: <extents> [590 547 85 32]
Gjs-Message: JS LOG: END 

(gnome-shell:7980): Gjs-WARNING **: JS ERROR: Exception in callback for signal: focus-changed: [boxed instance proxy GIName:GLib.Error jsobj@0x7fb6fcd47c10 native@0x42fc2b0]
